/gscratch/vsm/mcurr/photochem_smart/smart/extra/read_photo.py:90: VisibleDeprecationWarning: Reading unicode strings without specifying the encoding argument is deprecated. Set the encoding, use None for the system default.
  input = np.genfromtxt(infile, dtype=None)
Writing runlblabc script for H2O
Wrote runlblabc script: ../smart_outputs/cold_trap_0_1/runlbl_case_h2o_6666_25000cm.scr
Writing runlblabc script for CO2
Wrote runlblabc script: ../smart_outputs/cold_trap_0_1/runlbl_case_co2_6666_25000cm.scr
Writing runlblabc script for O3
Wrote runlblabc script: ../smart_outputs/cold_trap_0_1/runlbl_case_o3_6666_25000cm.scr
Writing runlblabc script for CO
Wrote runlblabc script: ../smart_outputs/cold_trap_0_1/runlbl_case_co_6666_25000cm.scr
Writing runlblabc script for CH4
Wrote runlblabc script: ../smart_outputs/cold_trap_0_1/runlbl_case_ch4_6666_25000cm.scr
Writing runlblabc script for O2
Wrote runlblabc script: ../smart_outputs/cold_trap_0_1/runlbl_case_o2_6666_25000cm.scr
Using multiprocessing to generate .abs files for gases
.abs file does not already exist
generating .abs file for ../smart_outputs/cold_trap_0_1/runlbl_case_o3_6666_25000cm.scr
SUCCESS: .abs file for ../smart_outputs/cold_trap_0_1/runlbl_case_o3_6666_25000cm.scr complete!
.abs file does not already exist
generating .abs file for ../smart_outputs/cold_trap_0_1/runlbl_case_co_6666_25000cm.scr
SUCCESS: .abs file for ../smart_outputs/cold_trap_0_1/runlbl_case_co_6666_25000cm.scr complete!
.abs file does not already exist
generating .abs file for ../smart_outputs/cold_trap_0_1/runlbl_case_o2_6666_25000cm.scr
SUCCESS: .abs file for ../smart_outputs/cold_trap_0_1/runlbl_case_o2_6666_25000cm.scr complete!
.abs file does not already exist
generating .abs file for ../smart_outputs/cold_trap_0_1/runlbl_case_co2_6666_25000cm.scr
SUCCESS: .abs file for ../smart_outputs/cold_trap_0_1/runlbl_case_co2_6666_25000cm.scr complete!
.abs file does not already exist
generating .abs file for ../smart_outputs/cold_trap_0_1/runlbl_case_ch4_6666_25000cm.scr
SUCCESS: .abs file for ../smart_outputs/cold_trap_0_1/runlbl_case_ch4_6666_25000cm.scr complete!
.abs file does not already exist
generating .abs file for ../smart_outputs/cold_trap_0_1/runlbl_case_h2o_6666_25000cm.scr
SUCCESS: .abs file for ../smart_outputs/cold_trap_0_1/runlbl_case_h2o_6666_25000cm.scr complete!
Calling SMART for run: ../smart_outputs/cold_trap_0_1/runsmart_case_6666_25000cm.scr
SUCCESS: SMART run complete: ../smart_outputs/cold_trap_0_1/runsmart_case_6666_25000cm.scr
/gscratch/vsm/mcurr/photochem_smart/smart/extra/read_photo.py:90: VisibleDeprecationWarning: Reading unicode strings without specifying the encoding argument is deprecated. Set the encoding, use None for the system default.
  input = np.genfromtxt(infile, dtype=None)
Writing runlblabc script for H2O
Wrote runlblabc script: ../smart_outputs/earth/runlbl_case_h2o_6666_25000cm.scr
Writing runlblabc script for CO2
Wrote runlblabc script: ../smart_outputs/earth/runlbl_case_co2_6666_25000cm.scr
Writing runlblabc script for O3
Wrote runlblabc script: ../smart_outputs/earth/runlbl_case_o3_6666_25000cm.scr
Writing runlblabc script for CO
Wrote runlblabc script: ../smart_outputs/earth/runlbl_case_co_6666_25000cm.scr
Writing runlblabc script for CH4
Wrote runlblabc script: ../smart_outputs/earth/runlbl_case_ch4_6666_25000cm.scr
Writing runlblabc script for O2
Wrote runlblabc script: ../smart_outputs/earth/runlbl_case_o2_6666_25000cm.scr
Using multiprocessing to generate .abs files for gases
.abs file does not already exist
generating .abs file for ../smart_outputs/earth/runlbl_case_o3_6666_25000cm.scr
SUCCESS: .abs file for ../smart_outputs/earth/runlbl_case_o3_6666_25000cm.scr complete!
.abs file does not already exist
generating .abs file for ../smart_outputs/earth/runlbl_case_co_6666_25000cm.scr
SUCCESS: .abs file for ../smart_outputs/earth/runlbl_case_co_6666_25000cm.scr complete!
.abs file does not already exist
generating .abs file for ../smart_outputs/earth/runlbl_case_o2_6666_25000cm.scr
SUCCESS: .abs file for ../smart_outputs/earth/runlbl_case_o2_6666_25000cm.scr complete!
.abs file does not already exist
generating .abs file for ../smart_outputs/earth/runlbl_case_co2_6666_25000cm.scr
SUCCESS: .abs file for ../smart_outputs/earth/runlbl_case_co2_6666_25000cm.scr complete!
.abs file does not already exist
generating .abs file for ../smart_outputs/earth/runlbl_case_ch4_6666_25000cm.scr
SUCCESS: .abs file for ../smart_outputs/earth/runlbl_case_ch4_6666_25000cm.scr complete!
.abs file does not already exist
generating .abs file for ../smart_outputs/earth/runlbl_case_h2o_6666_25000cm.scr
SUCCESS: .abs file for ../smart_outputs/earth/runlbl_case_h2o_6666_25000cm.scr complete!
Calling SMART for run: ../smart_outputs/earth/runsmart_case_6666_25000cm.scr
SUCCESS: SMART run complete: ../smart_outputs/earth/runsmart_case_6666_25000cm.scr
