/gscratch/vsm/mcurr/photochem_smart/smart/extra/read_photo.py:90: VisibleDeprecationWarning: Reading unicode strings without specifying the encoding argument is deprecated. Set the encoding, use None for the system default.
  input = np.genfromtxt(infile, dtype=None)
Writing runlblabc script for H2O
Wrote runlblabc script: /gscratch/vsm/mcurr/abiotic_oxygen/vary_cold_trap/smart_outputs/cold_trap_0_005298316906283708/runlbl_case_h2o_6666_25000cm.scr
Writing runlblabc script for CO2
Wrote runlblabc script: /gscratch/vsm/mcurr/abiotic_oxygen/vary_cold_trap/smart_outputs/cold_trap_0_005298316906283708/runlbl_case_co2_6666_25000cm.scr
Writing runlblabc script for O3
Wrote runlblabc script: /gscratch/vsm/mcurr/abiotic_oxygen/vary_cold_trap/smart_outputs/cold_trap_0_005298316906283708/runlbl_case_o3_6666_25000cm.scr
Writing runlblabc script for CO
Wrote runlblabc script: /gscratch/vsm/mcurr/abiotic_oxygen/vary_cold_trap/smart_outputs/cold_trap_0_005298316906283708/runlbl_case_co_6666_25000cm.scr
Writing runlblabc script for CH4
Wrote runlblabc script: /gscratch/vsm/mcurr/abiotic_oxygen/vary_cold_trap/smart_outputs/cold_trap_0_005298316906283708/runlbl_case_ch4_6666_25000cm.scr
Writing runlblabc script for O2
Wrote runlblabc script: /gscratch/vsm/mcurr/abiotic_oxygen/vary_cold_trap/smart_outputs/cold_trap_0_005298316906283708/runlbl_case_o2_6666_25000cm.scr
Using multiprocessing to generate .abs files for gases
.abs file does not already exist
generating .abs file for /gscratch/vsm/mcurr/abiotic_oxygen/vary_cold_trap/smart_outputs/cold_trap_0_005298316906283708/runlbl_case_co_6666_25000cm.scr
SUCCESS: .abs file for /gscratch/vsm/mcurr/abiotic_oxygen/vary_cold_trap/smart_outputs/cold_trap_0_005298316906283708/runlbl_case_co_6666_25000cm.scr complete!
.abs file does not already exist
generating .abs file for /gscratch/vsm/mcurr/abiotic_oxygen/vary_cold_trap/smart_outputs/cold_trap_0_005298316906283708/runlbl_case_o3_6666_25000cm.scr
SUCCESS: .abs file for /gscratch/vsm/mcurr/abiotic_oxygen/vary_cold_trap/smart_outputs/cold_trap_0_005298316906283708/runlbl_case_o3_6666_25000cm.scr complete!
.abs file does not already exist
generating .abs file for /gscratch/vsm/mcurr/abiotic_oxygen/vary_cold_trap/smart_outputs/cold_trap_0_005298316906283708/runlbl_case_o2_6666_25000cm.scr
SUCCESS: .abs file for /gscratch/vsm/mcurr/abiotic_oxygen/vary_cold_trap/smart_outputs/cold_trap_0_005298316906283708/runlbl_case_o2_6666_25000cm.scr complete!
.abs file does not already exist
generating .abs file for /gscratch/vsm/mcurr/abiotic_oxygen/vary_cold_trap/smart_outputs/cold_trap_0_005298316906283708/runlbl_case_co2_6666_25000cm.scr
SUCCESS: .abs file for /gscratch/vsm/mcurr/abiotic_oxygen/vary_cold_trap/smart_outputs/cold_trap_0_005298316906283708/runlbl_case_co2_6666_25000cm.scr complete!
.abs file does not already exist
generating .abs file for /gscratch/vsm/mcurr/abiotic_oxygen/vary_cold_trap/smart_outputs/cold_trap_0_005298316906283708/runlbl_case_h2o_6666_25000cm.scr
SUCCESS: .abs file for /gscratch/vsm/mcurr/abiotic_oxygen/vary_cold_trap/smart_outputs/cold_trap_0_005298316906283708/runlbl_case_h2o_6666_25000cm.scr complete!
.abs file does not already exist
generating .abs file for /gscratch/vsm/mcurr/abiotic_oxygen/vary_cold_trap/smart_outputs/cold_trap_0_005298316906283708/runlbl_case_ch4_6666_25000cm.scr
SUCCESS: .abs file for /gscratch/vsm/mcurr/abiotic_oxygen/vary_cold_trap/smart_outputs/cold_trap_0_005298316906283708/runlbl_case_ch4_6666_25000cm.scr complete!
Calling SMART for run: /gscratch/vsm/mcurr/abiotic_oxygen/vary_cold_trap/smart_outputs/cold_trap_0_005298316906283708/runsmart_case_6666_25000cm.scr
SUCCESS: SMART run complete: /gscratch/vsm/mcurr/abiotic_oxygen/vary_cold_trap/smart_outputs/cold_trap_0_005298316906283708/runsmart_case_6666_25000cm.scr
/gscratch/vsm/mcurr/photochem_smart/smart/extra/read_photo.py:90: VisibleDeprecationWarning: Reading unicode strings without specifying the encoding argument is deprecated. Set the encoding, use None for the system default.
  input = np.genfromtxt(infile, dtype=None)
Writing runlblabc script for H2O
Wrote runlblabc script: /gscratch/vsm/mcurr/abiotic_oxygen/vary_cold_trap/smart_outputs/cold_trap_0_18873918221350977/runlbl_case_h2o_6666_25000cm.scr
Writing runlblabc script for CO2
Wrote runlblabc script: /gscratch/vsm/mcurr/abiotic_oxygen/vary_cold_trap/smart_outputs/cold_trap_0_18873918221350977/runlbl_case_co2_6666_25000cm.scr
Writing runlblabc script for O3
Wrote runlblabc script: /gscratch/vsm/mcurr/abiotic_oxygen/vary_cold_trap/smart_outputs/cold_trap_0_18873918221350977/runlbl_case_o3_6666_25000cm.scr
Writing runlblabc script for CO
Wrote runlblabc script: /gscratch/vsm/mcurr/abiotic_oxygen/vary_cold_trap/smart_outputs/cold_trap_0_18873918221350977/runlbl_case_co_6666_25000cm.scr
Writing runlblabc script for CH4
Wrote runlblabc script: /gscratch/vsm/mcurr/abiotic_oxygen/vary_cold_trap/smart_outputs/cold_trap_0_18873918221350977/runlbl_case_ch4_6666_25000cm.scr
Writing runlblabc script for O2
Wrote runlblabc script: /gscratch/vsm/mcurr/abiotic_oxygen/vary_cold_trap/smart_outputs/cold_trap_0_18873918221350977/runlbl_case_o2_6666_25000cm.scr
Using multiprocessing to generate .abs files for gases
.abs file does not already exist
generating .abs file for /gscratch/vsm/mcurr/abiotic_oxygen/vary_cold_trap/smart_outputs/cold_trap_0_18873918221350977/runlbl_case_o3_6666_25000cm.scr
SUCCESS: .abs file for /gscratch/vsm/mcurr/abiotic_oxygen/vary_cold_trap/smart_outputs/cold_trap_0_18873918221350977/runlbl_case_o3_6666_25000cm.scr complete!
.abs file does not already exist
generating .abs file for /gscratch/vsm/mcurr/abiotic_oxygen/vary_cold_trap/smart_outputs/cold_trap_0_18873918221350977/runlbl_case_co_6666_25000cm.scr
SUCCESS: .abs file for /gscratch/vsm/mcurr/abiotic_oxygen/vary_cold_trap/smart_outputs/cold_trap_0_18873918221350977/runlbl_case_co_6666_25000cm.scr complete!
.abs file does not already exist
generating .abs file for /gscratch/vsm/mcurr/abiotic_oxygen/vary_cold_trap/smart_outputs/cold_trap_0_18873918221350977/runlbl_case_o2_6666_25000cm.scr
SUCCESS: .abs file for /gscratch/vsm/mcurr/abiotic_oxygen/vary_cold_trap/smart_outputs/cold_trap_0_18873918221350977/runlbl_case_o2_6666_25000cm.scr complete!
.abs file does not already exist
generating .abs file for /gscratch/vsm/mcurr/abiotic_oxygen/vary_cold_trap/smart_outputs/cold_trap_0_18873918221350977/runlbl_case_co2_6666_25000cm.scr
SUCCESS: .abs file for /gscratch/vsm/mcurr/abiotic_oxygen/vary_cold_trap/smart_outputs/cold_trap_0_18873918221350977/runlbl_case_co2_6666_25000cm.scr complete!
.abs file does not already exist
generating .abs file for /gscratch/vsm/mcurr/abiotic_oxygen/vary_cold_trap/smart_outputs/cold_trap_0_18873918221350977/runlbl_case_ch4_6666_25000cm.scr
SUCCESS: .abs file for /gscratch/vsm/mcurr/abiotic_oxygen/vary_cold_trap/smart_outputs/cold_trap_0_18873918221350977/runlbl_case_ch4_6666_25000cm.scr complete!
.abs file does not already exist
generating .abs file for /gscratch/vsm/mcurr/abiotic_oxygen/vary_cold_trap/smart_outputs/cold_trap_0_18873918221350977/runlbl_case_h2o_6666_25000cm.scr
SUCCESS: .abs file for /gscratch/vsm/mcurr/abiotic_oxygen/vary_cold_trap/smart_outputs/cold_trap_0_18873918221350977/runlbl_case_h2o_6666_25000cm.scr complete!
Calling SMART for run: /gscratch/vsm/mcurr/abiotic_oxygen/vary_cold_trap/smart_outputs/cold_trap_0_18873918221350977/runsmart_case_6666_25000cm.scr
SUCCESS: SMART run complete: /gscratch/vsm/mcurr/abiotic_oxygen/vary_cold_trap/smart_outputs/cold_trap_0_18873918221350977/runsmart_case_6666_25000cm.scr
/gscratch/vsm/mcurr/photochem_smart/smart/extra/read_photo.py:90: VisibleDeprecationWarning: Reading unicode strings without specifying the encoding argument is deprecated. Set the encoding, use None for the system default.
  input = np.genfromtxt(infile, dtype=None)
Writing runlblabc script for H2O
Wrote runlblabc script: /gscratch/vsm/mcurr/abiotic_oxygen/vary_cold_trap/smart_outputs/cold_trap_0_0041753189365604/runlbl_case_h2o_6666_25000cm.scr
Writing runlblabc script for CO2
Wrote runlblabc script: /gscratch/vsm/mcurr/abiotic_oxygen/vary_cold_trap/smart_outputs/cold_trap_0_0041753189365604/runlbl_case_co2_6666_25000cm.scr
Writing runlblabc script for O3
Wrote runlblabc script: /gscratch/vsm/mcurr/abiotic_oxygen/vary_cold_trap/smart_outputs/cold_trap_0_0041753189365604/runlbl_case_o3_6666_25000cm.scr
Writing runlblabc script for CO
Wrote runlblabc script: /gscratch/vsm/mcurr/abiotic_oxygen/vary_cold_trap/smart_outputs/cold_trap_0_0041753189365604/runlbl_case_co_6666_25000cm.scr
Writing runlblabc script for CH4
Wrote runlblabc script: /gscratch/vsm/mcurr/abiotic_oxygen/vary_cold_trap/smart_outputs/cold_trap_0_0041753189365604/runlbl_case_ch4_6666_25000cm.scr
Writing runlblabc script for O2
Wrote runlblabc script: /gscratch/vsm/mcurr/abiotic_oxygen/vary_cold_trap/smart_outputs/cold_trap_0_0041753189365604/runlbl_case_o2_6666_25000cm.scr
Using multiprocessing to generate .abs files for gases
.abs file does not already exist
generating .abs file for /gscratch/vsm/mcurr/abiotic_oxygen/vary_cold_trap/smart_outputs/cold_trap_0_0041753189365604/runlbl_case_o3_6666_25000cm.scr
SUCCESS: .abs file for /gscratch/vsm/mcurr/abiotic_oxygen/vary_cold_trap/smart_outputs/cold_trap_0_0041753189365604/runlbl_case_o3_6666_25000cm.scr complete!
.abs file does not already exist
generating .abs file for /gscratch/vsm/mcurr/abiotic_oxygen/vary_cold_trap/smart_outputs/cold_trap_0_0041753189365604/runlbl_case_co_6666_25000cm.scr
SUCCESS: .abs file for /gscratch/vsm/mcurr/abiotic_oxygen/vary_cold_trap/smart_outputs/cold_trap_0_0041753189365604/runlbl_case_co_6666_25000cm.scr complete!
.abs file does not already exist
generating .abs file for /gscratch/vsm/mcurr/abiotic_oxygen/vary_cold_trap/smart_outputs/cold_trap_0_0041753189365604/runlbl_case_o2_6666_25000cm.scr
SUCCESS: .abs file for /gscratch/vsm/mcurr/abiotic_oxygen/vary_cold_trap/smart_outputs/cold_trap_0_0041753189365604/runlbl_case_o2_6666_25000cm.scr complete!
.abs file does not already exist
generating .abs file for /gscratch/vsm/mcurr/abiotic_oxygen/vary_cold_trap/smart_outputs/cold_trap_0_0041753189365604/runlbl_case_ch4_6666_25000cm.scr
SUCCESS: .abs file for /gscratch/vsm/mcurr/abiotic_oxygen/vary_cold_trap/smart_outputs/cold_trap_0_0041753189365604/runlbl_case_ch4_6666_25000cm.scr complete!
.abs file does not already exist
generating .abs file for /gscratch/vsm/mcurr/abiotic_oxygen/vary_cold_trap/smart_outputs/cold_trap_0_0041753189365604/runlbl_case_co2_6666_25000cm.scr
SUCCESS: .abs file for /gscratch/vsm/mcurr/abiotic_oxygen/vary_cold_trap/smart_outputs/cold_trap_0_0041753189365604/runlbl_case_co2_6666_25000cm.scr complete!
.abs file does not already exist
generating .abs file for /gscratch/vsm/mcurr/abiotic_oxygen/vary_cold_trap/smart_outputs/cold_trap_0_0041753189365604/runlbl_case_h2o_6666_25000cm.scr
SUCCESS: .abs file for /gscratch/vsm/mcurr/abiotic_oxygen/vary_cold_trap/smart_outputs/cold_trap_0_0041753189365604/runlbl_case_h2o_6666_25000cm.scr complete!
Calling SMART for run: /gscratch/vsm/mcurr/abiotic_oxygen/vary_cold_trap/smart_outputs/cold_trap_0_0041753189365604/runsmart_case_6666_25000cm.scr
SUCCESS: SMART run complete: /gscratch/vsm/mcurr/abiotic_oxygen/vary_cold_trap/smart_outputs/cold_trap_0_0041753189365604/runsmart_case_6666_25000cm.scr
/gscratch/vsm/mcurr/photochem_smart/smart/extra/read_photo.py:90: VisibleDeprecationWarning: Reading unicode strings without specifying the encoding argument is deprecated. Set the encoding, use None for the system default.
  input = np.genfromtxt(infile, dtype=None)
Writing runlblabc script for H2O
Wrote runlblabc script: /gscratch/vsm/mcurr/abiotic_oxygen/vary_cold_trap/smart_outputs/cold_trap_0_0727895384398315/runlbl_case_h2o_6666_25000cm.scr
Writing runlblabc script for CO2
Wrote runlblabc script: /gscratch/vsm/mcurr/abiotic_oxygen/vary_cold_trap/smart_outputs/cold_trap_0_0727895384398315/runlbl_case_co2_6666_25000cm.scr
Writing runlblabc script for O3
Wrote runlblabc script: /gscratch/vsm/mcurr/abiotic_oxygen/vary_cold_trap/smart_outputs/cold_trap_0_0727895384398315/runlbl_case_o3_6666_25000cm.scr
Writing runlblabc script for CO
Wrote runlblabc script: /gscratch/vsm/mcurr/abiotic_oxygen/vary_cold_trap/smart_outputs/cold_trap_0_0727895384398315/runlbl_case_co_6666_25000cm.scr
Writing runlblabc script for CH4
Wrote runlblabc script: /gscratch/vsm/mcurr/abiotic_oxygen/vary_cold_trap/smart_outputs/cold_trap_0_0727895384398315/runlbl_case_ch4_6666_25000cm.scr
Writing runlblabc script for O2
Wrote runlblabc script: /gscratch/vsm/mcurr/abiotic_oxygen/vary_cold_trap/smart_outputs/cold_trap_0_0727895384398315/runlbl_case_o2_6666_25000cm.scr
Using multiprocessing to generate .abs files for gases
.abs file does not already exist
generating .abs file for /gscratch/vsm/mcurr/abiotic_oxygen/vary_cold_trap/smart_outputs/cold_trap_0_0727895384398315/runlbl_case_co_6666_25000cm.scr
SUCCESS: .abs file for /gscratch/vsm/mcurr/abiotic_oxygen/vary_cold_trap/smart_outputs/cold_trap_0_0727895384398315/runlbl_case_co_6666_25000cm.scr complete!
.abs file does not already exist
generating .abs file for /gscratch/vsm/mcurr/abiotic_oxygen/vary_cold_trap/smart_outputs/cold_trap_0_0727895384398315/runlbl_case_o3_6666_25000cm.scr
SUCCESS: .abs file for /gscratch/vsm/mcurr/abiotic_oxygen/vary_cold_trap/smart_outputs/cold_trap_0_0727895384398315/runlbl_case_o3_6666_25000cm.scr complete!
.abs file does not already exist
generating .abs file for /gscratch/vsm/mcurr/abiotic_oxygen/vary_cold_trap/smart_outputs/cold_trap_0_0727895384398315/runlbl_case_o2_6666_25000cm.scr
SUCCESS: .abs file for /gscratch/vsm/mcurr/abiotic_oxygen/vary_cold_trap/smart_outputs/cold_trap_0_0727895384398315/runlbl_case_o2_6666_25000cm.scr complete!
.abs file does not already exist
generating .abs file for /gscratch/vsm/mcurr/abiotic_oxygen/vary_cold_trap/smart_outputs/cold_trap_0_0727895384398315/runlbl_case_co2_6666_25000cm.scr
SUCCESS: .abs file for /gscratch/vsm/mcurr/abiotic_oxygen/vary_cold_trap/smart_outputs/cold_trap_0_0727895384398315/runlbl_case_co2_6666_25000cm.scr complete!
.abs file does not already exist
generating .abs file for /gscratch/vsm/mcurr/abiotic_oxygen/vary_cold_trap/smart_outputs/cold_trap_0_0727895384398315/runlbl_case_ch4_6666_25000cm.scr
SUCCESS: .abs file for /gscratch/vsm/mcurr/abiotic_oxygen/vary_cold_trap/smart_outputs/cold_trap_0_0727895384398315/runlbl_case_ch4_6666_25000cm.scr complete!
.abs file does not already exist
generating .abs file for /gscratch/vsm/mcurr/abiotic_oxygen/vary_cold_trap/smart_outputs/cold_trap_0_0727895384398315/runlbl_case_h2o_6666_25000cm.scr
SUCCESS: .abs file for /gscratch/vsm/mcurr/abiotic_oxygen/vary_cold_trap/smart_outputs/cold_trap_0_0727895384398315/runlbl_case_h2o_6666_25000cm.scr complete!
Calling SMART for run: /gscratch/vsm/mcurr/abiotic_oxygen/vary_cold_trap/smart_outputs/cold_trap_0_0727895384398315/runsmart_case_6666_25000cm.scr
SUCCESS: SMART run complete: /gscratch/vsm/mcurr/abiotic_oxygen/vary_cold_trap/smart_outputs/cold_trap_0_0727895384398315/runsmart_case_6666_25000cm.scr
/gscratch/vsm/mcurr/photochem_smart/smart/extra/read_photo.py:90: VisibleDeprecationWarning: Reading unicode strings without specifying the encoding argument is deprecated. Set the encoding, use None for the system default.
  input = np.genfromtxt(infile, dtype=None)
Writing runlblabc script for H2O
Wrote runlblabc script: /gscratch/vsm/mcurr/abiotic_oxygen/vary_cold_trap/smart_outputs/cold_trap_1_0/runlbl_case_h2o_6666_25000cm.scr
Writing runlblabc script for CO2
Wrote runlblabc script: /gscratch/vsm/mcurr/abiotic_oxygen/vary_cold_trap/smart_outputs/cold_trap_1_0/runlbl_case_co2_6666_25000cm.scr
Writing runlblabc script for O3
Wrote runlblabc script: /gscratch/vsm/mcurr/abiotic_oxygen/vary_cold_trap/smart_outputs/cold_trap_1_0/runlbl_case_o3_6666_25000cm.scr
Writing runlblabc script for CO
Wrote runlblabc script: /gscratch/vsm/mcurr/abiotic_oxygen/vary_cold_trap/smart_outputs/cold_trap_1_0/runlbl_case_co_6666_25000cm.scr
Writing runlblabc script for CH4
Wrote runlblabc script: /gscratch/vsm/mcurr/abiotic_oxygen/vary_cold_trap/smart_outputs/cold_trap_1_0/runlbl_case_ch4_6666_25000cm.scr
Writing runlblabc script for O2
Wrote runlblabc script: /gscratch/vsm/mcurr/abiotic_oxygen/vary_cold_trap/smart_outputs/cold_trap_1_0/runlbl_case_o2_6666_25000cm.scr
Using multiprocessing to generate .abs files for gases
.abs file does not already exist
generating .abs file for /gscratch/vsm/mcurr/abiotic_oxygen/vary_cold_trap/smart_outputs/cold_trap_1_0/runlbl_case_o3_6666_25000cm.scr
SUCCESS: .abs file for /gscratch/vsm/mcurr/abiotic_oxygen/vary_cold_trap/smart_outputs/cold_trap_1_0/runlbl_case_o3_6666_25000cm.scr complete!
.abs file does not already exist
generating .abs file for /gscratch/vsm/mcurr/abiotic_oxygen/vary_cold_trap/smart_outputs/cold_trap_1_0/runlbl_case_co_6666_25000cm.scr
SUCCESS: .abs file for /gscratch/vsm/mcurr/abiotic_oxygen/vary_cold_trap/smart_outputs/cold_trap_1_0/runlbl_case_co_6666_25000cm.scr complete!
.abs file does not already exist
generating .abs file for /gscratch/vsm/mcurr/abiotic_oxygen/vary_cold_trap/smart_outputs/cold_trap_1_0/runlbl_case_o2_6666_25000cm.scr
SUCCESS: .abs file for /gscratch/vsm/mcurr/abiotic_oxygen/vary_cold_trap/smart_outputs/cold_trap_1_0/runlbl_case_o2_6666_25000cm.scr complete!
.abs file does not already exist
generating .abs file for /gscratch/vsm/mcurr/abiotic_oxygen/vary_cold_trap/smart_outputs/cold_trap_1_0/runlbl_case_co2_6666_25000cm.scr
SUCCESS: .abs file for /gscratch/vsm/mcurr/abiotic_oxygen/vary_cold_trap/smart_outputs/cold_trap_1_0/runlbl_case_co2_6666_25000cm.scr complete!
.abs file does not already exist
generating .abs file for /gscratch/vsm/mcurr/abiotic_oxygen/vary_cold_trap/smart_outputs/cold_trap_1_0/runlbl_case_ch4_6666_25000cm.scr
SUCCESS: .abs file for /gscratch/vsm/mcurr/abiotic_oxygen/vary_cold_trap/smart_outputs/cold_trap_1_0/runlbl_case_ch4_6666_25000cm.scr complete!
.abs file does not already exist
generating .abs file for /gscratch/vsm/mcurr/abiotic_oxygen/vary_cold_trap/smart_outputs/cold_trap_1_0/runlbl_case_h2o_6666_25000cm.scr
SUCCESS: .abs file for /gscratch/vsm/mcurr/abiotic_oxygen/vary_cold_trap/smart_outputs/cold_trap_1_0/runlbl_case_h2o_6666_25000cm.scr complete!
Calling SMART for run: /gscratch/vsm/mcurr/abiotic_oxygen/vary_cold_trap/smart_outputs/cold_trap_1_0/runsmart_case_6666_25000cm.scr
SUCCESS: SMART run complete: /gscratch/vsm/mcurr/abiotic_oxygen/vary_cold_trap/smart_outputs/cold_trap_1_0/runsmart_case_6666_25000cm.scr
